<?xml version="1.0" encoding="UTF-8"?>
<testng-results ignored="0" total="2" passed="2" failed="0" skipped="0">
  <reporter-output>
  </reporter-output>
  <suite started-at="2026-02-20T06:42:43 IST" name="Suite" finished-at="2026-02-20T06:42:50 IST" duration-ms="7180">
    <groups>
      <group name="smoke">
        <method signature="LoginTest.verifyUserLoginWithInvalidCredentials(java.lang.String,java.lang.String)[pri:4, instance:testscripts.LoginTest@7486b455]" name="verifyUserLoginWithInvalidCredentials" class="testscripts.LoginTest"/>
      </group> <!-- smoke -->
    </groups>
    <test started-at="2026-02-20T06:42:43 IST" name="Test" finished-at="2026-02-20T06:42:50 IST" duration-ms="7180">
      <class name="testscripts.LoginTest">
        <test-method is-config="true" signature="browserInitialization(java.lang.String)[pri:0, instance:testscripts.LoginTest@7486b455]" started-at="2026-02-20T06:42:43 IST" name="browserInitialization" finished-at="2026-02-20T06:42:47 IST" duration-ms="3588" status="PASS">
          <params>
            <param index="0">
              <value>
                <![CDATA[chrome]]>
              </value>
            </param>
          </params>
          <reporter-output>
          </reporter-output>
        </test-method> <!-- browserInitialization -->
        <test-method signature="verifyUserLoginWithInvalidCredentials(java.lang.String,java.lang.String)[pri:4, instance:testscripts.LoginTest@7486b455]" started-at="2026-02-20T06:42:47 IST" name="verifyUserLoginWithInvalidCredentials" description="validating userlogin with invalid credentials" data-provider="loginProvider" finished-at="2026-02-20T06:42:48 IST" duration-ms="1043" status="PASS">
          <params>
            <param index="0">
              <value>
                <![CDATA[admin]]>
              </value>
            </param>
            <param index="1">
              <value>
                <![CDATA[admin22]]>
              </value>
            </param>
          </params>
          <reporter-output>
          </reporter-output>
        </test-method> <!-- verifyUserLoginWithInvalidCredentials -->
        <test-method is-config="true" signature="driverQuit(org.testng.ITestResult)[pri:0, instance:testscripts.LoginTest@7486b455]" started-at="2026-02-20T06:42:48 IST" name="driverQuit" finished-at="2026-02-20T06:42:48 IST" duration-ms="3" status="PASS">
          <params>
            <param index="0">
              <value>
                <![CDATA[[TestResult name=verifyUserLoginWithInvalidCredentials status=SUCCESS method=LoginTest.verifyUserLoginWithInvalidCredentials(java.lang.String,java.lang.String)[pri:4, instance:testscripts.LoginTest@7486b455] output={null}]]]>
              </value>
            </param>
          </params>
          <reporter-output>
          </reporter-output>
        </test-method> <!-- driverQuit -->
        <test-method is-config="true" signature="browserInitialization(java.lang.String)[pri:0, instance:testscripts.LoginTest@7486b455]" started-at="2026-02-20T06:42:48 IST" name="browserInitialization" finished-at="2026-02-20T06:42:50 IST" duration-ms="1823" status="PASS">
          <params>
            <param index="0">
              <value>
                <![CDATA[chrome]]>
              </value>
            </param>
          </params>
          <reporter-output>
          </reporter-output>
        </test-method> <!-- browserInitialization -->
        <test-method signature="verifyUserLoginWithInvalidCredentials(java.lang.String,java.lang.String)[pri:4, instance:testscripts.LoginTest@7486b455]" started-at="2026-02-20T06:42:50 IST" name="verifyUserLoginWithInvalidCredentials" description="validating userlogin with invalid credentials" data-provider="loginProvider" finished-at="2026-02-20T06:42:50 IST" duration-ms="619" status="PASS">
          <params>
            <param index="0">
              <value>
                <![CDATA[admin123]]>
              </value>
            </param>
            <param index="1">
              <value>
                <![CDATA[123]]>
              </value>
            </param>
          </params>
          <reporter-output>
          </reporter-output>
        </test-method> <!-- verifyUserLoginWithInvalidCredentials -->
        <test-method is-config="true" signature="driverQuit(org.testng.ITestResult)[pri:0, instance:testscripts.LoginTest@7486b455]" started-at="2026-02-20T06:42:50 IST" name="driverQuit" finished-at="2026-02-20T06:42:50 IST" duration-ms="1" status="PASS">
          <params>
            <param index="0">
              <value>
                <![CDATA[[TestResult name=verifyUserLoginWithInvalidCredentials status=SUCCESS method=LoginTest.verifyUserLoginWithInvalidCredentials(java.lang.String,java.lang.String)[pri:4, instance:testscripts.LoginTest@7486b455] output={null}]]]>
              </value>
            </param>
          </params>
          <reporter-output>
          </reporter-output>
        </test-method> <!-- driverQuit -->
      </class> <!-- testscripts.LoginTest -->
    </test> <!-- Test -->
  </suite> <!-- Suite -->
</testng-results>
