<?xml version="1.0" encoding="UTF-8"?>
<!-- Generated by org.testng.reporters.JUnitReportReporter -->
<testsuite hostname="LAPTOP-D4L4O9D3" failures="0" tests="2" name="testscripts.LoginTest" time="7.077" errors="0" timestamp="2026-02-20T06:42:51 IST" skipped="0">
  <testcase classname="testscripts.LoginTest" name="verifyUserLoginWithInvalidCredentials" time="2.445"/>
  <testcase classname="testscripts.LoginTest" name="verifyUserLoginWithInvalidCredentials" time="4.632"/>
</testsuite> <!-- testscripts.LoginTest -->
