<?xml version="1.0" encoding="UTF-8"?>
<!-- Generated by org.testng.reporters.JUnitReportReporter -->
<testsuite hostname="LAPTOP-D4L4O9D3" failures="0" tests="2" name="testscripts.LoginTest" time="8.225" errors="0" timestamp="2026-02-23T16:16:48 IST" skipped="0">
  <testcase classname="testscripts.LoginTest" name="verifyUserLoginWithInvalidCredentials" time="2.561"/>
  <testcase classname="testscripts.LoginTest" name="verifyUserLoginWithInvalidCredentials" time="5.664"/>
</testsuite> <!-- testscripts.LoginTest -->
