<?xml version="1.0" encoding="UTF-8"?>
<!-- Generated by org.testng.reporters.JUnitXMLReporter -->
<testsuite ignored="0" hostname="LAPTOP-D4L4O9D3" failures="0" tests="3" name="Text2" time="18.234" errors="0" timestamp="2026-02-18T03:00:47 IST">
  <testcase classname="testscripts.ManageNewsTest" name="verifyUserisAbletoAddNewNews" time="2.471"/>
  <testcase classname="testscripts.ManageNewsTest" name="verifyUserisAbletoSearchtheAddedNews" time="2.255"/>
  <testcase classname="testscripts.ManageNewsTest" name="verifyWhetherUserisAbletoResettheNews" time="3.345"/>
</testsuite> <!-- Text2 -->
