<?xml version="1.0" encoding="UTF-8"?>
<testng-results ignored="0" total="1" passed="1" failed="0" skipped="0">
  <reporter-output>
  </reporter-output>
  <suite started-at="2026-02-05T00:38:18 IST" name="Default suite" finished-at="2026-02-05T00:38:23 IST" duration-ms="4636">
    <groups>
    </groups>
    <test started-at="2026-02-05T00:38:18 IST" name="Default test" finished-at="2026-02-05T00:38:23 IST" duration-ms="4636">
      <class name="testscripts.LoginTest">
        <test-method is-config="true" signature="browserInitialization()[pri:0, instance:testscripts.LoginTest@459e9125]" started-at="2026-02-05T00:38:19 IST" name="browserInitialization" finished-at="2026-02-05T00:38:21 IST" duration-ms="2892" status="PASS">
          <reporter-output>
          </reporter-output>
        </test-method> <!-- browserInitialization -->
        <test-method signature="verifyUserLoginWithValidUsernameAndInvalidPassword()[pri:0, instance:testscripts.LoginTest@459e9125]" started-at="2026-02-05T00:38:21 IST" name="verifyUserLoginWithValidUsernameAndInvalidPassword" finished-at="2026-02-05T00:38:23 IST" duration-ms="1678" status="PASS">
          <reporter-output>
          </reporter-output>
        </test-method> <!-- verifyUserLoginWithValidUsernameAndInvalidPassword -->
        <test-method is-config="true" signature="closeAndQuit()[pri:0, instance:testscripts.LoginTest@459e9125]" started-at="2026-02-05T00:38:23 IST" name="closeAndQuit" finished-at="2026-02-05T00:38:23 IST" duration-ms="1" status="PASS">
          <reporter-output>
          </reporter-output>
        </test-method> <!-- closeAndQuit -->
      </class> <!-- testscripts.LoginTest -->
    </test> <!-- Default test -->
  </suite> <!-- Default suite -->
</testng-results>
